<?xml version="1.0" encoding="utf-8"?><testsuites><testsuite name="pytest" errors="0" failures="0" skipped="0" tests="15" time="0.825" timestamp="2026-09-05T02:17:12.380244-04:00" hostname="localhost"><testcase classname="tests.contracts.test_report_a_k2fr0_hardening" name="test_preserve_base_authority_memory_and_input_values" time="0.032" /><testcase classname="tests.contracts.test_report_a_k2fr0_hardening" name="test_normalisation_does_not_inherit_donor_execution" time="0.031" /><testcase classname="tests.contracts.test_report_a_k2fr0_hardening" name="test_unknown_vocabulary_is_rejected[truth_status]" time="0.035" /><testcase classname="tests.contracts.test_report_a_k2fr0_hardening" name="test_unknown_vocabulary_is_rejected[implementation_status]" time="0.031" /><testcase classname="tests.contracts.test_report_a_k2fr0_hardening" name="test_unknown_vocabulary_is_rejected[report_role]" time="0.031" /><testcase classname="tests.contracts.test_report_a_k2fr0_hardening" name="test_conditional_coverage_is_recomputed_not_inherited" time="0.030" /><testcase classname="tests.contracts.test_report_a_k2fr0_hardening" name="test_numerical_execution_grade_is_recomputed_not_inherited" time="0.032" /><testcase classname="tests.contracts.test_report_a_k2fr0_hardening" name="test_unbound_materialisation_is_refused" time="0.002" /><testcase classname="tests.contracts.test_report_a_k2fr0_hardening" name="test_registered_input_mutation_is_rejected_before_publication" time="0.002" /><testcase classname="tests.contracts.test_report_a_k2fr0_hardening" name="test_symlinked_input_ancestor_is_rejected" time="0.001" /><testcase classname="tests.contracts.test_report_a_k2fr0_hardening" name="test_existing_receipt_and_destination_are_never_overwritten" time="0.001" /><testcase classname="tests.contracts.test_report_a_k2fr0_hardening" name="test_mid_write_failure_leaves_no_published_bundle" time="0.114" /><testcase classname="tests.contracts.test_report_a_k2fr0_hardening" name="test_corrupt_staged_write_is_detected_before_publication" time="0.097" /><testcase classname="tests.contracts.test_report_a_k2fr0_hardening" name="test_destination_race_does_not_replace_even_an_empty_directory" time="0.101" /><testcase classname="tests.contracts.test_report_a_k2fr0_hardening" name="test_strict_six_file_bundle_is_deterministic_and_preserves_all_bijections" time="0.243" /></testsuite></testsuites>