<?xml version="1.0" encoding="utf-8"?><testsuites><testsuite name="pytest" errors="0" failures="0" skipped="0" tests="40" time="0.485" timestamp="2026-09-05T02:16:59.828067-04:00" hostname="localhost"><testcase classname="tests.contracts.test_report_a_k1r_kinematical_mes_repairs" name="test_geometry_dimension_and_parity_registry_is_explicit" time="0.009" /><testcase classname="tests.contracts.test_report_a_k1r_kinematical_mes_repairs" name="test_geodesic_acceleration_premise_is_not_a_numerical_anchor" time="0.009" /><testcase classname="tests.contracts.test_report_a_k1r_kinematical_mes_repairs" name="test_k1r_joint_identification_and_shared_data_firewall" time="0.009" /><testcase classname="tests.contracts.test_report_a_k1r_kinematical_mes_repairs" name="test_product_gauge_quadratic_stress_and_coupled_set_are_separate" time="0.008" /><testcase classname="tests.contracts.test_report_a_k1r_kinematical_mes_repairs" name="test_k2_v2_maps_twelve_results_to_a_provisional_40_claim_surface" time="0.008" /><testcase classname="tests.contracts.test_report_a_k1r_kinematical_mes_repairs" name="test_k1r_scientific_firewalls_remain_closed" time="0.009" /><testcase classname="tests.contracts.test_report_a_k1r_kinematical_mes_repairs" name="test_citation_matrix_whole_file_preserves_titles_and_keys" time="0.038" /><testcase classname="tests.contracts.test_report_a_k1r_kinematical_mes_repairs" name="test_each_unquoted_citation_title_is_rejected[RANDOMIZATION_2024]" time="0.023" /><testcase classname="tests.contracts.test_report_a_k1r_kinematical_mes_repairs" name="test_each_unquoted_citation_title_is_rejected[ROLDAN_NOTARI_QUARTIN_2016]" time="0.016" /><testcase classname="tests.contracts.test_report_a_k1r_kinematical_mes_repairs" name="test_each_unquoted_citation_title_is_rejected[LI_1999]" time="0.019" /><testcase classname="tests.contracts.test_report_a_k1r_kinematical_mes_repairs" name="test_documentary_guards_accept_harmless_formatting[prose_reflow]" time="0.002" /><testcase classname="tests.contracts.test_report_a_k1r_kinematical_mes_repairs" name="test_documentary_guards_accept_harmless_formatting[healpix_case]" time="0.001" /><testcase classname="tests.contracts.test_report_a_k1r_kinematical_mes_repairs" name="test_documentary_guards_reject_semantic_mutations[shared_data_deleted]" time="0.001" /><testcase classname="tests.contracts.test_report_a_k1r_kinematical_mes_repairs" name="test_documentary_guards_reject_semantic_mutations[shared_data_reversed]" time="0.001" /><testcase classname="tests.contracts.test_report_a_k1r_kinematical_mes_repairs" name="test_documentary_guards_reject_semantic_mutations[mes_ceiling_deleted]" time="0.002" /><testcase classname="tests.contracts.test_report_a_k1r_kinematical_mes_repairs" name="test_documentary_guards_reject_semantic_mutations[anchor_conditioning_deleted]" time="0.001" /><testcase classname="tests.contracts.test_report_a_k1r_kinematical_mes_repairs" name="test_documentary_guards_reject_semantic_mutations[exact_deleted]" time="0.001" /><testcase classname="tests.contracts.test_report_a_k1r_kinematical_mes_repairs" name="test_documentary_guards_reject_semantic_mutations[linear_deleted]" time="0.001" /><testcase classname="tests.contracts.test_report_a_k1r_kinematical_mes_repairs" name="test_documentary_guards_reject_semantic_mutations[equivalence_reversed]" time="0.001" /><testcase classname="tests.contracts.test_report_a_k1r_kinematical_mes_repairs" name="test_documentary_guards_reject_semantic_mutations[zero_kernel_changed]" time="0.001" /><testcase classname="tests.contracts.test_report_a_k1r_kinematical_mes_repairs" name="test_documentary_guards_reject_semantic_mutations[math_case_changed]" time="0.001" /><testcase classname="tests.contracts.test_report_a_k1r_kinematical_mes_repairs" name="test_documentary_guards_reject_semantic_mutations[anchor_generative]" time="0.001" /><testcase classname="tests.contracts.test_report_a_k1r_kinematical_mes_repairs" name="test_documentary_guards_reject_semantic_mutations[response_prerequisite_removed]" time="0.001" /><testcase classname="tests.contracts.test_report_a_k1r_kinematical_mes_repairs" name="test_documentary_guards_reject_semantic_mutations[observation_exclusion_removed]" time="0.001" /><testcase classname="tests.contracts.test_report_a_k1r_kinematical_mes_repairs" name="test_documentary_guards_reject_semantic_mutations[physical_estimate_exclusion_removed]" time="0.001" /><testcase classname="tests.contracts.test_report_a_k1r_kinematical_mes_repairs" name="test_documentary_guards_reject_semantic_mutations[bass_exclusion_removed]" time="0.000" /><testcase classname="tests.contracts.test_report_a_k1r_kinematical_mes_repairs" name="test_historical_quote_cannot_replace_active_prohibition[shared_data]" time="0.001" /><testcase classname="tests.contracts.test_report_a_k1r_kinematical_mes_repairs" name="test_historical_quote_cannot_replace_active_prohibition[bass]" time="0.000" /><testcase classname="tests.contracts.test_report_a_k2_kinematical_claim_recompile" name="test_candidate_claim_surface_is_exactly_thirty_plus_ten" time="0.013" /><testcase classname="tests.contracts.test_report_a_k2_kinematical_claim_recompile" name="test_every_new_claim_has_authority_assumptions_and_forbidden_extensions" time="0.013" /><testcase classname="tests.contracts.test_report_a_k2_kinematical_claim_recompile" name="test_uniqueness_and_implication_review_covers_all_additions" time="0.013" /><testcase classname="tests.contracts.test_report_a_k2_kinematical_claim_recompile" name="test_citation_overlay_maps_every_addition_and_revision" time="0.020" /><testcase classname="tests.contracts.test_report_a_k2_kinematical_claim_recompile" name="test_candidate_bibliography_supplement_has_three_unique_keys" time="0.000" /><testcase classname="tests.contracts.test_report_a_k2_kinematical_claim_recompile" name="test_organic_integration_and_section_map_are_exact_bijections" time="0.020" /><testcase classname="tests.contracts.test_report_a_k2_kinematical_claim_recompile" name="test_original_and_later_methodology_are_organically_integrated" time="0.008" /><testcase classname="tests.contracts.test_report_a_k2_kinematical_claim_recompile" name="test_candidate_architecture_preserves_scientific_firewalls" time="0.013" /><testcase classname="tests.contracts.test_report_a_k2f_compiler" name="test_claim_compiler_applies_revisions_and_additions_without_mutating_inputs" time="0.003" /><testcase classname="tests.contracts.test_report_a_k2f_compiler" name="test_bibliography_merge_rejects_duplicate_keys" time="0.000" /><testcase classname="tests.contracts.test_report_a_k2f_compiler" name="test_exact_repository_inputs_compile_to_one_forty_claim_authority_bundle" time="0.135" /><testcase classname="tests.contracts.test_report_a_k2f_compiler" name="test_registered_input_blob_mutation_fails_closed" time="0.002" /></testsuite></testsuites>