<?xml version="1.0" encoding="utf-8"?><testsuites><testsuite name="pytest" errors="0" failures="3" skipped="0" tests="18" time="0.316" timestamp="2026-09-05T00:49:34.708927-04:00" hostname="localhost"><testcase classname="tests.contracts.test_report_a_k1r_kinematical_mes_repairs" name="test_geometry_dimension_and_parity_registry_is_explicit" time="0.010" /><testcase classname="tests.contracts.test_report_a_k1r_kinematical_mes_repairs" name="test_geodesic_acceleration_premise_is_not_a_numerical_anchor" time="0.009" /><testcase classname="tests.contracts.test_report_a_k1r_kinematical_mes_repairs" name="test_k1r_joint_identification_and_shared_data_firewall" time="0.000"><failure message="AssertionError: assert 'Their appearance as separate set factors does not make them independent evidence' in '# K1R — Typed kinematical MES theorem repair and completion\n\n## Status and authority\n\nThis pack supersedes the se...YSICAL_RESPONSE_SECTORS_EXCEPT_BETA_RO_UNRESOLVED\n/\nWOLFRAM_REPLAY_BLOCKED_NOT_COUNTED\n/\nNO_CLAIM_PROMOTION\n```\n'">def test_k1r_joint_identification_and_shared_data_firewall() -&gt; None:
        text = PACK.read_text(encoding="utf-8")
        required = (
            "\\Theta(y;\\eta)",
            "B_{\\rm MES}(y;\\eta)",
            "Their appearance as separate set factors does not make them independent evidence",
            "MES ceiling construction, anchor conditioning",
            "feasible response-kernel fibre contains no other admissible state",
            "Full column rank of the response is sufficient but not necessary",
        )
        for needle in required:
&gt;           assert needle in text
E           AssertionError: assert 'Their appearance as separate set factors does not make them independent evidence' in '# K1R — Typed kinematical MES theorem repair and completion\n\n## Status and authority\n\nThis pack supersedes the se...YSICAL_RESPONSE_SECTORS_EXCEPT_BETA_RO_UNRESOLVED\n/\nWOLFRAM_REPLAY_BLOCKED_NOT_COUNTED\n/\nNO_CLAIM_PROMOTION\n```\n'

tests/contracts/test_report_a_k1r_kinematical_mes_repairs.py:65: AssertionError</failure></testcase><testcase classname="tests.contracts.test_report_a_k1r_kinematical_mes_repairs" name="test_product_gauge_quadratic_stress_and_coupled_set_are_separate" time="0.008" /><testcase classname="tests.contracts.test_report_a_k1r_kinematical_mes_repairs" name="test_k2_v2_maps_twelve_results_to_a_provisional_40_claim_surface" time="0.010" /><testcase classname="tests.contracts.test_report_a_k1r_kinematical_mes_repairs" name="test_k1r_scientific_firewalls_remain_closed" time="0.000"><failure message="AssertionError: assert 'no physical shear, vorticity or acceleration estimate' in '# K1R — Typed kinematical MES theorem repair and completion\n\n## Status and authority\n\nThis pack supersedes the se...YSICAL_RESPONSE_SECTORS_EXCEPT_BETA_RO_UNRESOLVED\n/\nWOLFRAM_REPLAY_BLOCKED_NOT_COUNTED\n/\nNO_CLAIM_PROMOTION\n```\n'">def test_k1r_scientific_firewalls_remain_closed() -&gt; None:
        text = PACK.read_text(encoding="utf-8")
        required = (
            "no Planck/FFP10 execution",
            "no physical shear, vorticity or acceleration estimate",
            "no finite-HEALPIX no-go theorem",
            "no native BASS result",
            "No anchor-to-state arrow is generative",
            "No observable-to-physical tensor map is admitted without a declared response",
            "NO_CLAIM_PROMOTION",
        )
        for needle in required:
&gt;           assert needle in text
E           AssertionError: assert 'no physical shear, vorticity or acceleration estimate' in '# K1R — Typed kinematical MES theorem repair and completion\n\n## Status and authority\n\nThis pack supersedes the se...YSICAL_RESPONSE_SECTORS_EXCEPT_BETA_RO_UNRESOLVED\n/\nWOLFRAM_REPLAY_BLOCKED_NOT_COUNTED\n/\nNO_CLAIM_PROMOTION\n```\n'

tests/contracts/test_report_a_k1r_kinematical_mes_repairs.py:133: AssertionError</failure></testcase><testcase classname="tests.contracts.test_report_a_k2_kinematical_claim_recompile" name="test_candidate_claim_surface_is_exactly_thirty_plus_ten" time="0.013" /><testcase classname="tests.contracts.test_report_a_k2_kinematical_claim_recompile" name="test_every_new_claim_has_authority_assumptions_and_forbidden_extensions" time="0.013" /><testcase classname="tests.contracts.test_report_a_k2_kinematical_claim_recompile" name="test_uniqueness_and_implication_review_covers_all_additions" time="0.013" /><testcase classname="tests.contracts.test_report_a_k2_kinematical_claim_recompile" name="test_citation_overlay_maps_every_addition_and_revision" time="0.022" /><testcase classname="tests.contracts.test_report_a_k2_kinematical_claim_recompile" name="test_candidate_bibliography_supplement_has_three_unique_keys" time="0.000" /><testcase classname="tests.contracts.test_report_a_k2_kinematical_claim_recompile" name="test_organic_integration_and_section_map_are_exact_bijections" time="0.022" /><testcase classname="tests.contracts.test_report_a_k2_kinematical_claim_recompile" name="test_original_and_later_methodology_are_organically_integrated" time="0.007" /><testcase classname="tests.contracts.test_report_a_k2_kinematical_claim_recompile" name="test_candidate_architecture_preserves_scientific_firewalls" time="0.013" /><testcase classname="tests.contracts.test_report_a_k2f_compiler" name="test_claim_compiler_applies_revisions_and_additions_without_mutating_inputs" time="0.003" /><testcase classname="tests.contracts.test_report_a_k2f_compiler" name="test_bibliography_merge_rejects_duplicate_keys" time="0.000" /><testcase classname="tests.contracts.test_report_a_k2f_compiler" name="test_exact_repository_inputs_compile_to_one_forty_claim_authority_bundle" time="0.033"><failure message="yaml.scanner.ScannerError: mapping values are not allowed here&#10;  in &quot;&lt;unicode string&gt;&quot;, line 42, column 35:&#10;        title: Randomization Inference: Theory and Applications&#10;                                      ^">tmp_path = PosixPath('/workspace/scratch/7436fae9cb26/K2FE_RUN_20260905T044357468Z/tmp/pytest-of-root/pytest-0/test_exact_repository_inputs_c0')

    def test_exact_repository_inputs_compile_to_one_forty_claim_authority_bundle(
        tmp_path: Path,
    ) -&gt; None:
        output_root = tmp_path / "out"
&gt;       receipt = compile_authority_bundle(
            repository_root=ROOT,
            output_root=output_root,
            enforce_registered_input_blobs=True,
        )

tests/contracts/test_report_a_k2f_compiler.py:115: 
_ _ _ _ _ _ _ _ _ _ _ _ _ _ _ _ _ _ _ _ _ _ _ _ _ _ _ _ _ _ _ _ _ _ _ _ _ _ _ _ 
scripts/compile_report_a_k2f_authority.py:445: in compile_authority_bundle
    base_citations = _load_yaml(repository_root / INPUT_PATHS["base_citation_matrix"])
scripts/compile_report_a_k2f_authority.py:69: in _load_yaml
    payload = yaml.safe_load(path.read_text(encoding="utf-8"))
../K2FE_RUN_20260905T044357468Z/venv/lib/python3.12/site-packages/yaml/__init__.py:125: in safe_load
    return load(stream, SafeLoader)
../K2FE_RUN_20260905T044357468Z/venv/lib/python3.12/site-packages/yaml/__init__.py:81: in load
    return loader.get_single_data()
../K2FE_RUN_20260905T044357468Z/venv/lib/python3.12/site-packages/yaml/constructor.py:49: in get_single_data
    node = self.get_single_node()
../K2FE_RUN_20260905T044357468Z/venv/lib/python3.12/site-packages/yaml/composer.py:36: in get_single_node
    document = self.compose_document()
../K2FE_RUN_20260905T044357468Z/venv/lib/python3.12/site-packages/yaml/composer.py:55: in compose_document
    node = self.compose_node(None, None)
../K2FE_RUN_20260905T044357468Z/venv/lib/python3.12/site-packages/yaml/composer.py:84: in compose_node
    node = self.compose_mapping_node(anchor)
../K2FE_RUN_20260905T044357468Z/venv/lib/python3.12/site-packages/yaml/composer.py:133: in compose_mapping_node
    item_value = self.compose_node(node, item_key)
../K2FE_RUN_20260905T044357468Z/venv/lib/python3.12/site-packages/yaml/composer.py:84: in compose_node
    node = self.compose_mapping_node(anchor)
../K2FE_RUN_20260905T044357468Z/venv/lib/python3.12/site-packages/yaml/composer.py:133: in compose_mapping_node
    item_value = self.compose_node(node, item_key)
../K2FE_RUN_20260905T044357468Z/venv/lib/python3.12/site-packages/yaml/composer.py:84: in compose_node
    node = self.compose_mapping_node(anchor)
../K2FE_RUN_20260905T044357468Z/venv/lib/python3.12/site-packages/yaml/composer.py:127: in compose_mapping_node
    while not self.check_event(MappingEndEvent):
../K2FE_RUN_20260905T044357468Z/venv/lib/python3.12/site-packages/yaml/parser.py:98: in check_event
    self.current_event = self.state()
../K2FE_RUN_20260905T044357468Z/venv/lib/python3.12/site-packages/yaml/parser.py:428: in parse_block_mapping_key
    if self.check_token(KeyToken):
../K2FE_RUN_20260905T044357468Z/venv/lib/python3.12/site-packages/yaml/scanner.py:116: in check_token
    self.fetch_more_tokens()
../K2FE_RUN_20260905T044357468Z/venv/lib/python3.12/site-packages/yaml/scanner.py:223: in fetch_more_tokens
    return self.fetch_value()
_ _ _ _ _ _ _ _ _ _ _ _ _ _ _ _ _ _ _ _ _ _ _ _ _ _ _ _ _ _ _ _ _ _ _ _ _ _ _ _ 

self = &lt;yaml.loader.SafeLoader object at 0x7fb037b39e50&gt;

    def fetch_value(self):
    
        # Do we determine a simple key?
        if self.flow_level in self.possible_simple_keys:
    
            # Add KEY.
            key = self.possible_simple_keys[self.flow_level]
            del self.possible_simple_keys[self.flow_level]
            self.tokens.insert(key.token_number-self.tokens_taken,
                    KeyToken(key.mark, key.mark))
    
            # If this key starts a new block mapping, we need to add
            # BLOCK-MAPPING-START.
            if not self.flow_level:
                if self.add_indent(key.column):
                    self.tokens.insert(key.token_number-self.tokens_taken,
                            BlockMappingStartToken(key.mark, key.mark))
    
            # There cannot be two simple keys one after another.
            self.allow_simple_key = False
    
        # It must be a part of a complex key.
        else:
    
            # Block context needs additional checks.
            # (Do we really need them? They will be caught by the parser
            # anyway.)
            if not self.flow_level:
    
                # We are allowed to start a complex value if and only if
                # we can start a simple key.
                if not self.allow_simple_key:
&gt;                   raise ScannerError(None, None,
                            "mapping values are not allowed here",
                            self.get_mark())
E                   yaml.scanner.ScannerError: mapping values are not allowed here
E                     in "&lt;unicode string&gt;", line 42, column 35:
E                           title: Randomization Inference: Theory and Applications
E                                                         ^

../K2FE_RUN_20260905T044357468Z/venv/lib/python3.12/site-packages/yaml/scanner.py:577: ScannerError</failure></testcase><testcase classname="tests.contracts.test_report_a_k2f_compiler" name="test_registered_input_blob_mutation_fails_closed" time="0.002" /></testsuite></testsuites>